<?xml version="1.0" encoding="UTF-8"?>
<!-- Generated by org.testng.reporters.JUnitReportReporter -->
<testsuite hostname="sakshi" failures="0" tests="1" name="login.login1" time="10.737" errors="0" timestamp="10 May 2023 06:06:55 GMT">
  <testcase classname="login.login1" name="login" time="10.737"/>
</testsuite> <!-- login.login1 -->
