<?xml version="1.0" encoding="UTF-8"?>
<!-- Generated by org.testng.reporters.JUnitReportReporter -->
<testsuite hostname="sakshi" failures="0" tests="1" name="login.login" time="8.821" errors="0" timestamp="10 May 2023 06:06:55 GMT">
  <testcase classname="login.login" name="correctionpage" time="8.821"/>
</testsuite> <!-- login.login -->
